OnDesignTimeLocalesPathPropertyChanged
OnDesignTimeLocalePropertyChanged
OnDesignTimeLocalesPathPropertyChanged
OnDesignTimeLocalePropertyChanged
OnDesignTimeLocalesPathPropertyChanged
OnDesignTimeLocalePropertyChanged
OnDesignTimeLocalesPathPropertyChanged
OnDesignTimeLocalePropertyChanged
OnDesignTimeLocalesPathPropertyChanged
OnDesignTimeLocalePropertyChanged
OnDesignTimeLocalesPathPropertyChanged
OnDesignTimeLocalePropertyChanged
OnDesignTimeLocalesPathPropertyChanged
OnDesignTimeLocalePropertyChanged
OnDesignTimeLocalesPathPropertyChanged
OnDesignTimeLocalePropertyChanged
OnDesignTimeLocalesPathPropertyChanged
OnDesignTimeLocalePropertyChanged
OnDesignTimeLocalesPathPropertyChanged
OnDesignTimeLocalePropertyChanged
OnDesignTimeLocalesPathPropertyChanged
OnDesignTimeLocalePropertyChanged
OnDesignTimeLocalesPathPropertyChanged
OnDesignTimeLocalePropertyChanged
OnDesignTimeLocalesPathPropertyChanged
OnDesignTimeLocalePropertyChanged
OnDesignTimeLocalesPathPropertyChanged
OnDesignTimeLocalePropertyChanged
OnDesignTimeLocalesPathPropertyChanged
OnDesignTimeLocalePropertyChanged
OnDesignTimeLocalesPathPropertyChanged
OnDesignTimeLocalePropertyChanged
OnDesignTimeLocalesPathPropertyChanged
OnDesignTimeLocalePropertyChanged
OnDesignTimeLocalesPathPropertyChanged
OnDesignTimeLocalePropertyChanged
OnDesignTimeLocalesPathPropertyChanged
OnDesignTimeLocalePropertyChanged
OnDesignTimeLocalesPathPropertyChanged
OnDesignTimeLocalePropertyChanged
OnDesignTimeLocalesPathPropertyChanged
OnDesignTimeLocalePropertyChanged
OnDesignTimeLocalesPathPropertyChanged
OnDesignTimeLocalePropertyChanged
OnDesignTimeLocalesPathPropertyChanged
OnDesignTimeLocalePropertyChanged
OnDesignTimeLocalesPathPropertyChanged
OnDesignTimeLocalePropertyChanged
OnDesignTimeLocalesPathPropertyChanged
OnDesignTimeLocalePropertyChanged
OnDesignTimeLocalesPathPropertyChanged
OnDesignTimeLocalePropertyChanged
OnDesignTimeLocalesPathPropertyChanged
OnDesignTimeLocalePropertyChanged
OnDesignTimeLocalesPathPropertyChanged
OnDesignTimeLocalePropertyChanged
OnDesignTimeLocalesPathPropertyChanged
OnDesignTimeLocalePropertyChanged
OnDesignTimeLocalesPathPropertyChanged
OnDesignTimeLocalePropertyChanged
OnDesignTimeLocalesPathPropertyChanged
OnDesignTimeLocalePropertyChanged
OnDesignTimeLocalesPathPropertyChanged
OnDesignTimeLocalePropertyChanged
OnDesignTimeLocalesPathPropertyChanged
OnDesignTimeLocalePropertyChanged
OnDesignTimeLocalesPathPropertyChanged
OnDesignTimeLocalePropertyChanged
OnDesignTimeLocalesPathPropertyChanged
OnDesignTimeLocalePropertyChanged
OnDesignTimeLocalesPathPropertyChanged
OnDesignTimeLocalePropertyChanged
OnDesignTimeLocalesPathPropertyChanged
OnDesignTimeLocalePropertyChanged
OnDesignTimeLocalesPathPropertyChanged
OnDesignTimeLocalePropertyChanged
OnDesignTimeLocalesPathPropertyChanged
OnDesignTimeLocalePropertyChanged
OnDesignTimeLocalesPathPropertyChanged
OnDesignTimeLocalePropertyChanged
OnDesignTimeLocalesPathPropertyChanged
OnDesignTimeLocalePropertyChanged
OnDesignTimeLocalesPathPropertyChanged
OnDesignTimeLocalePropertyChanged
OnDesignTimeLocalesPathPropertyChanged
OnDesignTimeLocalePropertyChanged
OnDesignTimeLocalesPathPropertyChanged
OnDesignTimeLocalePropertyChanged
OnDesignTimeLocalesPathPropertyChanged
OnDesignTimeLocalePropertyChanged
OnDesignTimeLocalesPathPropertyChanged
OnDesignTimeLocalePropertyChanged
OnDesignTimeLocalesPathPropertyChanged
OnDesignTimeLocalePropertyChanged
OnDesignTimeLocalesPathPropertyChanged
OnDesignTimeLocalePropertyChanged
OnDesignTimeLocalesPathPropertyChanged
OnDesignTimeLocalePropertyChanged
OnDesignTimeLocalesPathPropertyChanged
OnDesignTimeLocalePropertyChanged
OnDesignTimeLocalesPathPropertyChanged
OnDesignTimeLocalePropertyChanged
OnDesignTimeLocalesPathPropertyChanged
OnDesignTimeLocalePropertyChanged
OnDesignTimeLocalesPathPropertyChanged
OnDesignTimeLocalePropertyChanged
OnDesignTimeLocalesPathPropertyChanged
OnDesignTimeLocalePropertyChanged
OnDesignTimeLocalesPathPropertyChanged
OnDesignTimeLocalePropertyChanged
OnDesignTimeLocalesPathPropertyChanged
OnDesignTimeLocalePropertyChanged
OnDesignTimeLocalesPathPropertyChanged
OnDesignTimeLocalePropertyChanged
OnDesignTimeLocalesPathPropertyChanged
OnDesignTimeLocalePropertyChanged
OnDesignTimeLocalesPathPropertyChanged
OnDesignTimeLocalePropertyChanged
OnDesignTimeLocalesPathPropertyChanged
OnDesignTimeLocalePropertyChanged
OnDesignTimeLocalesPathPropertyChanged
OnDesignTimeLocalePropertyChanged
OnDesignTimeLocalesPathPropertyChanged
OnDesignTimeLocalePropertyChanged
OnDesignTimeLocalesPathPropertyChanged
OnDesignTimeLocalePropertyChanged
OnDesignTimeLocalesPathPropertyChanged
OnDesignTimeLocalePropertyChanged
OnDesignTimeLocalesPathPropertyChanged
OnDesignTimeLocalePropertyChanged
OnDesignTimeLocalesPathPropertyChanged
OnDesignTimeLocalePropertyChanged
OnDesignTimeLocalesPathPropertyChanged
OnDesignTimeLocalePropertyChanged
OnDesignTimeLocalesPathPropertyChanged
OnDesignTimeLocalePropertyChanged
OnDesignTimeLocalesPathPropertyChanged
OnDesignTimeLocalePropertyChanged
OnDesignTimeLocalesPathPropertyChanged
OnDesignTimeLocalePropertyChanged
OnDesignTimeLocalesPathPropertyChanged
OnDesignTimeLocalePropertyChanged
OnDesignTimeLocalesPathPropertyChanged
OnDesignTimeLocalePropertyChanged
Parent: NULL; Text: Состояние: Норма
Parent: NULL; Text: State: OK
Parent: NULL; Text: Состояние: Норма
Parent: NULL; Text: State: OK
Parent: NULL; Text: Состояние: Норма
Parent: NULL; Text: Состояние: Норма
Parent: NULL; Text: State: OK
Parent: NULL; Text: Состояние: Норма
Parent: NULL; Text: State: OK
Parent: NULL; Text: State: Error
Parent: NULL; Text: State: OK
Parent: NULL; Text: State: Error
Parent: NULL; Text: State: OK
Parent: NULL; Text: State: Error
Parent: NULL; Text: State: OK
Parent: NULL; Text: State: Error
Parent: NULL; Text: Состояние: Ошибка
Parent: NULL; Text: Состояние: Норма
Parent: NULL; Text: Состояние: Ошибка
Parent: NULL; Text: Состояние: Норма
Parent: NULL; Text: Состояние: Ошибка
Parent: NULL; Text: Состояние: Норма
Parent: NULL; Text: Состояние: Ошибка
Parent: NULL; Text: Состояние: Норма
Parent: NULL; Text: Состояние: Ошибка
Parent: NULL; Text: Состояние: Норма
Parent: NULL; Text: Состояние: Ошибка
Parent: NULL; Text: Состояние: Норма
Parent: NULL; Text: Состояние: Ошибка
Parent: NULL; Text: Состояние: Норма
Parent: NULL; Text: Состояние: Ошибка
Parent: NULL; Text: Состояние: Норма
Parent: NULL; Text: Состояние: Ошибка
Parent: NULL; Text: Состояние: Норма
Parent: NULL; Text: Состояние: Ошибка
Parent: NULL; Text: Состояние: Норма
Parent: NULL; Text: Состояние: Норма
